Jul 12 23:37:43 MicroBuilder error log [error] Unknown action '' for module ''.
Jul 12 23:38:01 MicroBuilder error log [error] Unknown action '' for module ''.
Jul 12 23:38:24 MicroBuilder error log [error] Unknown action '' for module ''.
Jul 13 00:00:28 MicroBuilder error log [error] Unknown action '' for module ''.
Jul 13 00:01:08 MicroBuilder error log [error] Unknown action '' for module ''.
Jul 13 00:32:05 MicroBuilder error log [error] Unknown action 'Test' for module 'MicroText'.
Jul 13 00:32:12 MicroBuilder error log [error] Unknown action '' for module ''.
Jul 13 00:32:15 MicroBuilder error log [error] Requested module 'Teste' does not exist.
Jul 13 01:31:11 MicroBuilder error log [error] Requested block '' does not exist.
Jul 13 01:33:23 MicroBuilder error log [error] Requested block 'AddText' does not exist.
Jul 13 01:34:14 MicroBuilder error log [error] Requested block 'AddText' does not exist.
Jul 13 01:34:15 MicroBuilder error log [error] Requested block 'AddText' does not exist.
Jul 13 01:34:21 MicroBuilder error log [error] Requested block 'AddText' does not exist.
Jul 13 01:35:24 MicroBuilder error log [error] Requested block 'AddText' does not exist.
Jul 13 01:35:54 MicroBuilder error log [error] Requested block 'AddText' does not exist.
Jul 13 01:36:30 MicroBuilder error log [error] Requested block 'AddText' does not exist.
Jul 13 01:37:10 MicroBuilder error log [error] Requested block 'AddText' does not exist.
Jul 13 01:38:44 MicroBuilder error log [error] Requested block 'AddText' does not exist.
Jul 13 01:39:21 MicroBuilder error log [error] Requested block 'AddText' does not exist.
Jul 13 01:39:40 MicroBuilder error log [error] Requested block 'AddText' does not exist.
Jul 13 01:40:17 MicroBuilder error log [error] Requested block 'AddText' does not exist.
Jul 13 01:40:55 MicroBuilder error log [error] Requested block 'AddText' does not exist.
Jul 13 01:41:48 MicroBuilder error log [error] Requested block 'AddText' does not exist.
Jul 13 01:42:03 MicroBuilder error log [error] Requested block 'AddText' does not exist.
Jul 13 01:42:20 MicroBuilder error log [error] Requested block 'AddText' does not exist.
Jul 13 01:42:38 MicroBuilder error log [error] Requested block 'AddText' does not exist.
Jul 13 01:42:44 MicroBuilder error log [error] Requested block 'AddText' does not exist.
Jul 13 01:43:39 MicroBuilder error log [error] Requested block 'AddText' does not exist.
Jul 13 01:43:54 MicroBuilder error log [error] Requested block 'AddText' does not exist.
Jul 13 01:43:55 MicroBuilder error log [error] Requested block 'AddText' does not exist.
Jul 13 01:44:21 MicroBuilder error log [error] Requested block 'AddText' does not exist.
Jul 13 01:44:46 MicroBuilder error log [error] Requested block 'AddText' does not exist.
Jul 13 01:45:09 MicroBuilder error log [error] Requested block 'AddText' does not exist.
Jul 13 01:48:02 MicroBuilder error log [error] Requested block 'AddText' does not exist.
Jul 13 01:49:17 MicroBuilder error log [error] Requested block 'AddText' does not exist.
Jul 13 01:49:42 MicroBuilder error log [error] Requested block 'AddText' does not exist.
Jul 13 01:49:52 MicroBuilder error log [error] Requested block 'AddText' does not exist.
Jul 13 01:51:26 MicroBuilder error log [error] Requested block 'AddText' does not exist.
Jul 13 01:52:13 MicroBuilder error log [error] Requested block 'AddText' does not exist.
Jul 13 01:52:27 MicroBuilder error log [error] Requested block 'AddText' does not exist.
Jul 13 01:53:47 MicroBuilder error log [error] Requested block 'AddText' does not exist.
Jul 13 01:53:56 MicroBuilder error log [error] Requested block 'AddText' does not exist.
Jul 13 01:54:57 MicroBuilder error log [error] Requested block 'AddText' does not exist.
Jul 13 01:55:16 MicroBuilder error log [error] Requested block 'AddText' does not exist.
Jul 13 01:55:36 MicroBuilder error log [error] Requested block 'AddText' does not exist.
Jul 13 01:55:43 MicroBuilder error log [error] Requested block 'AddText' does not exist.
Jul 13 01:56:25 MicroBuilder error log [error] Requested block 'AddText' does not exist.
Jul 13 01:57:27 MicroBuilder error log [error] Requested block 'AddText' does not exist.
Jul 13 01:59:10 MicroBuilder error log [error] Requested block 'TestError' does not exist.
Jul 13 02:00:42 MicroBuilder error log [error] Requested block 'TestError' does not exist.
Jul 13 02:01:38 MicroBuilder error log [error] Requested block 'TestError' does not exist.
Jul 13 02:02:10 MicroBuilder error log [error] Requested block 'TestErrorBlocks' does not exist.
Jul 13 02:09:20 MicroBuilder error log [error] Requested block 'TestErrorBlocks' does not exist.
Jul 13 02:10:10 MicroBuilder error log [error] Requested block 'TestErrorBlocks' does not exist.
Jul 13 02:11:16 MicroBuilder error log [error] Requested block 'TestErrorBlocks' does not exist.
Jul 13 02:11:39 MicroBuilder error log [error] Requested block 'TestErrorBlocks' does not exist.
Jul 13 02:12:30 MicroBuilder error log [error] Requested block 'TestErrorBlocks' does not exist.
Jul 13 02:12:40 MicroBuilder error log [error] Requested block 'TestErrorBlocks' does not exist.
Jul 13 02:12:51 MicroBuilder error log [error] Requested block 'TestErrorBlocks' does not exist.
Jul 13 02:13:05 MicroBuilder error log [error] Requested block 'TestErrorBlocks' does not exist.
Jul 13 02:13:12 MicroBuilder error log [error] Requested block 'TestErrorBlocks' does not exist.
Jul 13 02:26:59 MicroBuilder error log [error] Requested block 'TestErrorBlocks' does not exist.
Jul 13 02:27:04 MicroBuilder error log [error] Unknown action 'AddText' for module 'MicroText'.
Jul 13 02:27:04 MicroBuilder error log [error] Requested block 'TestErrorBlocks' does not exist.
Jul 13 02:27:43 MicroBuilder error log [error] Unknown action 'AddText' for module 'MicroText'.
Jul 13 02:28:15 MicroBuilder error log [error] Unknown action 'AddText' for module 'MicroText'.
Jul 13 02:28:15 MicroBuilder error log [error] Requested block 'TestErrorBlocks' does not exist.
Jul 13 02:28:27 MicroBuilder error log [error] Unknown action 'AddText' for module 'MicroText'.
Jul 13 02:28:46 MicroBuilder error log [error] Unknown action 'AddText' for module 'MicroText'.
Jul 13 02:28:46 MicroBuilder error log [error] Requested block 'TestErrorBlocks' does not exist.
Jul 13 02:31:15 MicroBuilder error log [error] Unknown action 'AddText' for module 'MicroText'.
Jul 13 02:31:15 MicroBuilder error log [error] Requested block 'TestErrorBlocks' does not exist.
Jul 13 02:31:59 MicroBuilder error log [error] Unknown action 'AddText' for module 'MicroText'.
Jul 13 02:31:59 MicroBuilder error log [error] Requested block 'TestErrorBlocks' does not exist.
Jul 13 02:32:02 MicroBuilder error log [error] Requested block 'TestErrorBlocks' does not exist.
Jul 13 02:32:04 MicroBuilder error log [error] Requested block 'TestErrorBlocks' does not exist.
Jul 13 02:33:15 MicroBuilder error log [error] Requested block 'TestErrorBlocks' does not exist.
Jul 13 02:33:35 MicroBuilder error log [error] Requested block 'TestErrorBlocks' does not exist.
Jul 13 02:33:57 MicroBuilder error log [error] Requested block 'TestErrorBlocks' does not exist.
Jul 13 02:34:24 MicroBuilder error log [error] Unknown action 'SearchNews' for module 'MicroNews'.
Jul 13 02:34:24 MicroBuilder error log [error] Requested block 'TestErrorBlocks' does not exist.
Jul 13 02:34:25 MicroBuilder error log [error] Unknown action 'AddText' for module 'MicroText'.
Jul 13 02:34:25 MicroBuilder error log [error] Requested block 'TestErrorBlocks' does not exist.
Jul 13 02:34:28 MicroBuilder error log [error] Requested block 'TestErrorBlocks' does not exist.
Jul 13 02:34:29 MicroBuilder error log [error] Requested block 'TestErrorBlocks' does not exist.
Jul 13 02:34:30 MicroBuilder error log [error] Requested block 'TestErrorBlocks' does not exist.
Jul 13 02:34:31 MicroBuilder error log [error] Requested block 'TestErrorBlocks' does not exist.
Jul 13 02:41:30 MicroBuilder error log [error] Requested block 'TestErrorBlocks' does not exist.
Jul 13 02:41:50 MicroBuilder error log [error] Requested block 'TestErrorBlocks' does not exist.
Jul 13 02:42:28 MicroBuilder error log [error] Requested block 'TestErrorBlocks' does not exist.
Jul 13 02:42:29 MicroBuilder error log [error] Requested block 'TestErrorBlocks' does not exist.
Jul 13 02:42:30 MicroBuilder error log [error] Requested block 'TestErrorBlocks' does not exist.
Jul 13 02:42:30 MicroBuilder error log [error] Requested block 'TestErrorBlocks' does not exist.
Jul 13 02:42:31 MicroBuilder error log [error] Requested block 'TestErrorBlocks' does not exist.
Jul 13 02:42:31 MicroBuilder error log [error] Requested block 'TestErrorBlocks' does not exist.
Jul 13 02:43:39 MicroBuilder error log [error] Requested block 'MicroText::TestErrorBlocks' does not exist.
Jul 13 02:43:46 MicroBuilder error log [error] Unknown action 'AddText' for module 'MicroText'.
Jul 13 02:43:46 MicroBuilder error log [error] Requested block 'MicroText::TestErrorBlocks' does not exist.
Jul 13 02:51:34 MicroBuilder error log [error] Unknown action 'MicroText::AddText'
Jul 13 02:52:30 MicroBuilder error log [error] Unknown action 'MicroText::AddText'
Jul 13 02:52:31 MicroBuilder error log [error] Unknown action 'MicroText::AddText'
Jul 13 02:52:40 MicroBuilder error log [error] Unknown action 'MicroText::AddText'
Jul 13 02:52:40 MicroBuilder error log [error] Requested block 'MicroText::TestErrorBlocks' does not exist.
Jul 13 02:59:09 MicroBuilder error log [error] Requested block 'MicroText::TestErrorBlocks' does not exist.
Jul 13 02:59:43 MicroBuilder error log [error] Requested block 'MicroText::TestErrorBlocks' does not exist.
Jul 13 02:59:44 MicroBuilder error log [error] Requested block 'MicroText::TestErrorBlocks' does not exist.
Jul 13 03:01:18 MicroBuilder error log [error] Unknown action 'MicroText::AddText'
Jul 13 03:01:18 MicroBuilder error log [error] Requested block 'MicroText::TestErrorBlocks' does not exist.
Jul 13 03:01:34 MicroBuilder error log [error] Requested module 'MicrofText' does not exist.
Jul 13 03:05:48 MicroBuilder error log [error] Requested module 'MicrofText' does not exist.
Jul 13 03:07:30 MicroBuilder error log [error] Requested module 'MicrofText' does not exist.
Jul 13 03:07:31 MicroBuilder error log [error] Requested module 'MicrofText' does not exist.
Jul 13 03:07:54 MicroBuilder error log [error] Requested module 'MicrofText' does not exist.
Jul 13 03:08:02 MicroBuilder error log [error] Requested module 'MicrofText' does not exist.
Jul 13 03:08:22 MicroBuilder error log [error] Requested module 'MicrofText' does not exist.
Jul 13 03:08:52 MicroBuilder error log [error] Requested module 'MicrofText' does not exist.
Jul 13 03:08:52 MicroBuilder error log [error] Requested block 'MicroText::TestErrorBlocks' does not exist.
Jul 13 03:09:03 MicroBuilder error log [error] Requested block 'MicroText::TestErrorBlocks' does not exist.
Jul 13 03:09:04 MicroBuilder error log [error] Requested block 'MicroText::TestErrorBlocks' does not exist.
Jul 13 03:11:35 MicroBuilder error log [error] Requested block 'MicroText::TestErrorBlocks' does not exist.
Jul 13 03:11:41 MicroBuilder error log [error] Requested block 'MicroText::TestErrorBlocks' does not exist.
Jul 13 03:16:25 MicroBuilder error log [error] Requested block 'MicroText::TestErrorBlocks' does not exist.
Jul 13 03:17:04 MicroBuilder error log [error] Requested block 'MicroText::TestErrorBlocks' does not exist.
Jul 13 03:17:29 MicroBuilder error log [error] Requested block 'MicroText::TestErrorBlocks' does not exist.
Jul 13 03:18:48 MicroBuilder error log [error] Requested block 'MicroText::TestErrorBlocks' does not exist.
Jul 13 03:18:59 MicroBuilder error log [error] Requested block 'MicroText::TestErrorBlocks' does not exist.
Jul 13 03:19:17 MicroBuilder error log [error] Requested block 'MicroText::TestErrorBlocks' does not exist.
Jul 13 03:19:25 MicroBuilder error log [error] Requested block 'MicroText::TestErrorBlocks' does not exist.
Jul 13 03:19:31 MicroBuilder error log [error] Requested block 'MicroText::TestErrorBlocks' does not exist.
Jul 13 03:19:45 MicroBuilder error log [error] Requested block 'MicroText::TestErrorBlocks' does not exist.
Jul 13 03:19:54 MicroBuilder error log [error] Requested block 'MicroText::TestErrorBlocks' does not exist.
Jul 13 03:19:54 MicroBuilder error log [error] Requested block 'MicroText::TestErrorBlocks' does not exist.
Jul 13 03:19:59 MicroBuilder error log [error] Requested block 'MicroText::TestErrorBlocks' does not exist.
Jul 13 03:20:08 MicroBuilder error log [error] Requested block 'MicroText::TestErrorBlocks' does not exist.
Jul 13 03:20:34 MicroBuilder error log [error] Requested block 'MicroText::TestErrorBlocks' does not exist.
Jul 13 03:22:03 MicroBuilder error log [error] Requested block 'MicroText::TestErrorBlocks' does not exist.
Jul 13 03:22:14 MicroBuilder error log [error] Requested block 'MicroText::TestErrorBlocks' does not exist.
Jul 13 03:22:27 MicroBuilder error log [error] Requested block 'MicroText::TestErrorBlocks' does not exist.
Jul 13 03:22:34 MicroBuilder error log [error] Requested block 'MicroText::TestErrorBlocks' does not exist.
Jul 13 03:22:44 MicroBuilder error log [error] Requested block 'MicroText::TestErrorBlocks' does not exist.
Jul 13 03:23:05 MicroBuilder error log [error] Requested block 'MicroText::TestErrorBlocks' does not exist.
Jul 13 03:23:11 MicroBuilder error log [error] Requested block 'MicroText::TestErrorBlocks' does not exist.
Jul 13 03:23:22 MicroBuilder error log [error] Requested block 'MicroText::TestErrorBlocks' does not exist.
Jul 13 03:24:20 MicroBuilder error log [error] Unknown action '::'
Jul 13 03:24:20 MicroBuilder error log [error] Requested block 'MicroText::TestErrorBlocks' does not exist.
Jul 13 03:24:46 MicroBuilder error log [error] Unknown action '::'
Jul 13 03:24:46 MicroBuilder error log [error] Requested block 'MicroText::TestErrorBlocks' does not exist.
Jul 13 03:25:22 MicroBuilder error log [error] Unknown action '::'
Jul 13 03:25:22 MicroBuilder error log [error] Requested block 'MicroText::TestErrorBlocks' does not exist.
Jul 13 03:25:52 MicroBuilder error log [error] Requested block 'MicroText::TestErrorBlocks' does not exist.
Jul 13 03:26:05 MicroBuilder error log [error] Requested module 'MicroTextz' does not exist.
Jul 13 03:26:05 MicroBuilder error log [error] Requested block 'MicroText::TestErrorBlocks' does not exist.
Jul 13 03:26:28 MicroBuilder error log [error] Requested block 'MicroText::TestErrorBlocks' does not exist.
Jul 13 03:26:28 MicroBuilder error log [error] Requested block 'MicroText::TestErrorBlocks' does not exist.
